<?xml version="1.0" encoding="UTF-8"?>
<!-- Generated by org.testng.reporters.JUnitXMLReporter -->
<testsuite ignored="2" hostname="DESKTOP-P0DJ7MS" failures="0" tests="2" name="Test" time="0.19" errors="0" timestamp="2022-01-26T15:29:16 IST">
  <testcase classname="CreateContactTest.CreateContactTest" name="createContactWithLeadTest" time="0.029"/>
  <testcase classname="CreateContactTest.CreateOrgTest" name="createOrgLeadTest" time="0.003"/>
  <testcase classname="CreateContactTest.CreateOrgTest" name="createOrgTest" time="0.0">
    <ignored/>
  </testcase> <!-- createOrgTest -->
  <testcase classname="CreateContactTest.CreateContactTest" name="createContactTest" time="0.0">
    <ignored/>
  </testcase> <!-- createContactTest -->
</testsuite> <!-- Test -->
