<?xml version="1.0" encoding="UTF-8"?>
<testng-results skipped="0" failed="0" ignored="0" total="4" passed="4">
  <reporter-output>
  </reporter-output>
  <suite name="Command line suite" duration-ms="219" started-at="2022-01-26T06:17:56Z" finished-at="2022-01-26T06:17:57Z">
    <groups>
    </groups>
    <test name="Command line test" duration-ms="219" started-at="2022-01-26T06:17:56Z" finished-at="2022-01-26T06:17:57Z">
      <class name="comcastsdet28.CreateOrgTest">
        <test-method status="PASS" signature="createOrgLeadTest()[pri:0, instance:comcastsdet28.CreateOrgTest@6108b2d7]" name="createOrgLeadTest" duration-ms="1" started-at="2022-01-26T06:17:57Z" finished-at="2022-01-26T06:17:57Z">
          <reporter-output>
          </reporter-output>
        </test-method> <!-- createOrgLeadTest -->
        <test-method status="PASS" signature="createOrgTest()[pri:0, instance:comcastsdet28.CreateOrgTest@6108b2d7]" name="createOrgTest" duration-ms="4" started-at="2022-01-26T06:17:57Z" finished-at="2022-01-26T06:17:57Z">
          <reporter-output>
          </reporter-output>
        </test-method> <!-- createOrgTest -->
      </class> <!-- comcastsdet28.CreateOrgTest -->
      <class name="comcastsdet28.CreateContactTest">
        <test-method status="PASS" signature="createContactTest()[pri:0, instance:comcastsdet28.CreateContactTest@566776ad]" name="createContactTest" duration-ms="33" started-at="2022-01-26T06:17:57Z" finished-at="2022-01-26T06:17:57Z">
          <reporter-output>
          </reporter-output>
        </test-method> <!-- createContactTest -->
        <test-method status="PASS" signature="createContactWithLeadTest()[pri:0, instance:comcastsdet28.CreateContactTest@566776ad]" name="createContactWithLeadTest" duration-ms="3" started-at="2022-01-26T06:17:57Z" finished-at="2022-01-26T06:17:57Z">
          <reporter-output>
          </reporter-output>
        </test-method> <!-- createContactWithLeadTest -->
      </class> <!-- comcastsdet28.CreateContactTest -->
    </test> <!-- Command line test -->
  </suite> <!-- Command line suite -->
</testng-results>
