<?xml version="1.0" encoding="UTF-8"?>
<!-- Generated by org.testng.reporters.JUnitXMLReporter -->
<testsuite hostname="DESKTOP-P0DJ7MS" ignored="0" name="Command line test" tests="4" failures="0" timestamp="26 Jan 2022 06:17:57 GMT" time="0.219" errors="0">
  <testcase name="createContactTest" time="0.033" classname="comcastsdet28.CreateContactTest"/>
  <testcase name="createContactWithLeadTest" time="0.003" classname="comcastsdet28.CreateContactTest"/>
  <testcase name="createOrgLeadTest" time="0.001" classname="comcastsdet28.CreateOrgTest"/>
  <testcase name="createOrgTest" time="0.004" classname="comcastsdet28.CreateOrgTest"/>
</testsuite> <!-- Command line test -->
